<?xml version="1.0" encoding="UTF-8"?>
<!-- Generated by org.testng.reporters.JUnitReportReporter -->
<testsuite hostname="LAPTOP-6HO77GS6" failures="0" tests="1" name="testng.testDelete" time="7.973" errors="0" timestamp="2022-12-08T15:36:07 ICT" skipped="0">
  <testcase classname="testng.testDelete" name="testlogin" time="7.973"/>
  <system-out/>
</testsuite> <!-- testng.testDelete -->
