<?xml version="1.0" encoding="UTF-8"?>
<!-- Generated by org.testng.reporters.JUnitReportReporter -->
<testsuite hostname="LAPTOP-6HO77GS6" failures="0" tests="1" name="testng.testInsert" time="7.079" errors="0" timestamp="2022-12-08T18:57:58 ICT" skipped="0">
  <testcase classname="testng.testInsert" name="testlogin" time="7.079"/>
  <system-out/>
</testsuite> <!-- testng.testInsert -->
